 DADOS DE ENTRADA

 numeros de nos          :   14

 coordenadas nodais
        no       x         y
         1      0.00      0.00
         2      1.50      0.00
         3      0.00      1.50
         4      1.50      1.50
         5      0.00      3.00
         6      1.50      3.00
         7      0.00      4.50
         8      1.50      4.50
         9      0.00      6.00
        10      1.50      6.00
        11      0.00      7.50
        12      1.50      7.50
        13      0.00      9.00
        14      1.50      9.00

 numero de elementos     :   12

  conectividade dos elementos e propriedades
elemento       no1       no2       no3     material
         1         1         2         4         1
         2         1         4         3         1
         3         3         4         6         1
         4         3         6         5         1
         5         5         6         8         1
         6         5         8         7         1
         7         7         8        10         1
         8         7        10         9         1
         9         9        10        12         1
        10         9        12        11         1
        11        11        12        14         1
        12        11        14        13         1

 numero de materiais     :    1

         1             1.00000             0.00000             1.00000

 numero de nos carregados:    1

cargas nodais
       no       px        py
        13      0.50      0.00


 numero de nos suportados:    8


  dados das condicoes de contorno
                       status              valores prescritos
                (1:prescrito, 0:livre)
       no          u         v                u         v
         1         1         1              0.0000    0.0000
         2         1         1              0.0000    0.0000
         4         0         1              0.0000    0.0000
         6         0         1              0.0000    0.0000
         8         0         1              0.0000    0.0000
        10         0         1              0.0000    0.0000
        12         0         1              0.0000    0.0000
        14         0         1              0.0000    0.0000


 RESULTADOS

 deslocamentos nodais

        no            u              v
         1    0.00000E+00    0.00000E+00
         2    0.00000E+00    0.00000E+00
         3    0.32549E+01    0.44182E+01
         4    0.31633E+01    0.00000E+00
         5    0.10478E+02    0.80197E+01
         6    0.10378E+02    0.00000E+00
         7    0.20898E+02    0.10820E+02
         8    0.20798E+02    0.00000E+00
         9    0.33719E+02    0.12820E+02
        10    0.33616E+02    0.00000E+00
        11    0.48159E+02    0.14027E+02
        12    0.48024E+02    0.00000E+00
        13    0.63618E+02    0.14504E+02
        14    0.63096E+02    0.00000E+00

 tensoes nos elementos

  elemento            s11            s22            s12
         1    0.00000E+00    0.00000E+00    0.10544E+01
         2   -0.61073E-01    0.29455E+01   -0.38778E+00
         3   -0.61073E-01    0.00000E+00    0.93229E+00
         4   -0.66210E-01    0.24010E+01   -0.26563E+00
         5   -0.66210E-01    0.00000E+00    0.79987E+00
         6   -0.66794E-01    0.18667E+01   -0.13321E+00
         7   -0.66794E-01    0.00000E+00    0.66628E+00
         8   -0.68647E-01    0.13337E+01    0.36875E-03
         9   -0.68647E-01    0.00000E+00    0.52899E+00
        10   -0.90312E-01    0.80432E+00    0.13766E+00
        11   -0.90312E-01    0.00000E+00    0.34838E+00
        12   -0.34839E+00    0.31828E+00    0.31828E+00

 tensoes medias nodais

  node            s11            s22            s12
         1   -0.30536E-01    0.14727E+01    0.33333E+00
         2    0.00000E+00    0.00000E+00    0.10544E+01
         3   -0.62785E-01    0.17822E+01    0.92960E-01
         4   -0.40715E-01    0.98183E+00    0.53298E+00
         5   -0.66405E-01    0.14226E+01    0.13367E+00
         6   -0.64498E-01    0.80033E+00    0.48884E+00
         7   -0.67412E-01    0.10668E+01    0.17781E+00
         8   -0.66600E-01    0.62225E+00    0.44431E+00
         9   -0.75868E-01    0.71267E+00    0.22234E+00
        10   -0.68029E-01    0.44456E+00    0.39855E+00
        11   -0.17634E+00    0.37420E+00    0.26811E+00
        12   -0.83090E-01    0.26811E+00    0.33834E+00
        13   -0.34839E+00    0.31828E+00    0.31828E+00
        14   -0.21935E+00    0.15914E+00    0.33333E+00
